<?xml version="1.0" encoding="UTF-8"?>
<!-- Generated by org.testng.reporters.JUnitReportReporter -->
<testsuite hostname="DESKTOP-JUVN070" failures="0" tests="1" name="testng.Assert_02" time="0.013" errors="0" timestamp="2024-03-02T14:28:03 CST" skipped="0">
  <testcase classname="testng.Assert_02" name="assertTest" time="0.013"/>
  <system-out/>
</testsuite> <!-- testng.Assert_02 -->
