<?xml version="1.0" encoding="UTF-8"?>
<!-- Generated by org.testng.reporters.JUnitReportReporter -->
<testsuite hostname="DESKTOP-JUVN070" failures="0" tests="2" name="day01_runtest_demo.Day01_Learning2" time="0.056" errors="0" timestamp="2024-08-16T09:14:56 CDT" skipped="0">
  <testcase classname="day01_runtest_demo.Day01_Learning2" name="runTestUsingTestNG1" time="0.003"/>
  <testcase classname="day01_runtest_demo.Day01_Learning2" name="runTestUsingTestNG" time="0.053"/>
</testsuite> <!-- day01_runtest_demo.Day01_Learning2 -->
