<?xml version="1.0" encoding="UTF-8"?>
<!-- Generated by org.testng.reporters.JUnitReportReporter -->
<testsuite hostname="DESKTOP-JUVN070" failures="0" tests="2" name="testng.TestNg_01" time="0.016" errors="0" timestamp="2024-03-02T14:20:54 CST" skipped="0">
  <testcase classname="testng.TestNg_01" name="setFirstName" time="0.014"/>
  <system-out/>
  <testcase classname="testng.TestNg_01" name="loginTest" time="0.002"/>
  <system-out/>
</testsuite> <!-- testng.TestNg_01 -->
