<?xml version="1.0" encoding="UTF-8"?>
<!-- Generated by org.testng.reporters.JUnitReportReporter -->
<testsuite hostname="DESKTOP-JUVN070" failures="0" tests="3" name="batch_testing.Singup_Test" time="0.004" errors="0" timestamp="2024-03-02T19:19:06 CST" skipped="0">
  <testcase classname="batch_testing.Singup_Test" name="signUpByTwitter" time="0.001"/>
  <system-out/>
  <testcase classname="batch_testing.Singup_Test" name="signUpByFacebook" time="0.001"/>
  <system-out/>
  <testcase classname="batch_testing.Singup_Test" name="signUpByEmail" time="0.002"/>
  <system-out/>
</testsuite> <!-- batch_testing.Singup_Test -->
