<?xml version="1.0" encoding="UTF-8"?>
<!-- Generated by org.testng.reporters.JUnitReportReporter -->
<testsuite hostname="DESKTOP-JUVN070" failures="0" tests="3" name="allure_reporting.Allure_Reports" time="2.024" errors="0" timestamp="2024-03-09T13:23:03 CST" skipped="1">
  <testcase classname="allure_reporting.Allure_Reports" name="logoPresent" time="0.304"/>
  <system-out/>
  <testcase classname="allure_reporting.Allure_Reports" name="loginTest" time="1.714"/>
  <system-out/>
  <testcase classname="allure_reporting.Allure_Reports" name="registrationTest" time="0.006">
    <skipped/>
  </testcase> <!-- registrationTest -->
  <system-out/>
</testsuite> <!-- allure_reporting.Allure_Reports -->
