<?xml version="1.0" encoding="UTF-8"?>
<!-- Generated by org.testng.reporters.JUnitReportReporter -->
<testsuite hostname="DESKTOP-JUVN070" failures="0" tests="1" name="day01_runtest_demo.Day01_Learning4_Home_Loan" time="0.003" errors="0" timestamp="2024-08-16T11:21:35 CDT" skipped="0">
  <testcase classname="day01_runtest_demo.Day01_Learning4_Home_Loan" name="runTestUsingTestNG" time="0.003"/>
</testsuite> <!-- day01_runtest_demo.Day01_Learning4_Home_Loan -->
