<?xml version="1.0" encoding="UTF-8"?>
<!-- Generated by org.testng.reporters.JUnitReportReporter -->
<testsuite hostname="DESKTOP-JUVN070" failures="0" tests="2" name="test.ITestListener_Demo" time="0.063" errors="0" timestamp="2024-08-18T09:37:21 CDT" skipped="0">
  <testcase classname="test.ITestListener_Demo" name="gotOut" time="0.004"/>
  <testcase classname="test.ITestListener_Demo" name="gotIn" time="0.059"/>
</testsuite> <!-- test.ITestListener_Demo -->
