<?xml version="1.0" encoding="UTF-8"?>
<!-- Generated by org.testng.reporters.JUnitReportReporter -->
<testsuite hostname="DESKTOP-JUVN070" failures="0" tests="3" name="batch_testing.LoginTest" time="0.022" errors="0" timestamp="2024-03-02T17:48:03 CST" skipped="0">
  <testcase classname="batch_testing.LoginTest" name="loginByEmail" time="0.012"/>
  <system-out/>
  <testcase classname="batch_testing.LoginTest" name="loginByFacebook" time="0.009"/>
  <system-out/>
  <testcase classname="batch_testing.LoginTest" name="loginByTwitter" time="0.001"/>
  <system-out/>
</testsuite> <!-- batch_testing.LoginTest -->
