<?xml version="1.0" encoding="UTF-8"?>
<!-- Generated by org.testng.reporters.JUnitReportReporter -->
<testsuite hostname="DESKTOP-JUVN070" failures="0" tests="3" name="testng.HardAssertion_02" time="0.015" errors="0" timestamp="2024-03-02T15:38:25 CST" skipped="0">
  <testcase classname="testng.HardAssertion_02" name="loginTest" time="0.009"/>
  <system-out/>
  <testcase classname="testng.HardAssertion_02" name="loginTest3" time="0.003"/>
  <system-out/>
  <testcase classname="testng.HardAssertion_02" name="loginTest2" time="0.003"/>
  <system-out/>
</testsuite> <!-- testng.HardAssertion_02 -->
