<?xml version="1.0" encoding="UTF-8"?>
<!-- Generated by org.testng.reporters.JUnitReportReporter -->
<testsuite hostname="DESKTOP-JUVN070" failures="0" tests="3" name="batch_testing.Login_Test" time="0.013" errors="0" timestamp="2024-03-02T18:45:39 CST" skipped="0">
  <testcase classname="batch_testing.Login_Test" name="loginByTwitter" time="0.001"/>
  <system-out/>
  <testcase classname="batch_testing.Login_Test" name="loginByEmail" time="0.010"/>
  <system-out/>
  <testcase classname="batch_testing.Login_Test" name="loginByFacebook" time="0.002"/>
  <system-out/>
</testsuite> <!-- batch_testing.Login_Test -->
