<?xml version="1.0" encoding="UTF-8"?>
<!-- Generated by org.testng.reporters.JUnitReportReporter -->
<testsuite hostname="DESKTOP-JUVN070" failures="0" tests="1" name="testng.Assertions_06" time="3.078" errors="0" timestamp="2024-03-02T17:25:12 CST" skipped="0">
  <testcase classname="testng.Assertions_06" name="login" time="3.078"/>
  <system-out/>
</testsuite> <!-- testng.Assertions_06 -->
