<?xml version="1.0" encoding="UTF-8"?>
<!-- Generated by org.testng.reporters.JUnitReportReporter -->
<testsuite hostname="DESKTOP-JUVN070" failures="0" tests="1" name="batch_testing.Payment_Return_Test" time="0.002" errors="0" timestamp="2024-03-02T19:04:34 CST" skipped="0">
  <testcase classname="batch_testing.Payment_Return_Test" name="paymentReturnTest" time="0.002"/>
  <system-out/>
</testsuite> <!-- batch_testing.Payment_Return_Test -->
