<?xml version="1.0" encoding="UTF-8"?>
<!-- Generated by org.testng.reporters.JUnitReportReporter -->
<testsuite hostname="DESKTOP-JUVN070" failures="0" tests="3" name="testng.Annotations_Test_03" time="0.013" errors="0" timestamp="2024-03-02T15:40:07 CST" skipped="0">
  <testcase classname="testng.Annotations_Test_03" name="loginTest" time="0.008"/>
  <system-out/>
  <testcase classname="testng.Annotations_Test_03" name="loginTest3" time="0.003"/>
  <system-out/>
  <testcase classname="testng.Annotations_Test_03" name="loginTest2" time="0.002"/>
  <system-out/>
</testsuite> <!-- testng.Annotations_Test_03 -->
