<?xml version="1.0" encoding="UTF-8"?>
<!-- Generated by org.testng.reporters.JUnitReportReporter -->
<testsuite hostname="DESKTOP-JUVN070" failures="0" tests="1" name="pdf_reader.PDF_Reader" time="1.813" errors="0" timestamp="2024-03-04T10:11:05 CST" skipped="0">
  <testcase classname="pdf_reader.PDF_Reader" name="setup" time="1.813"/>
  <system-out/>
</testsuite> <!-- pdf_reader.PDF_Reader -->
