<?xml version="1.0" encoding="UTF-8"?>
<!-- Generated by org.testng.reporters.JUnitReportReporter -->
<testsuite hostname="DESKTOP-JUVN070" failures="0" tests="1" name="pdf_reader.pdf_reader_02" time="5.647" errors="0" timestamp="2024-03-05T08:47:11 CST" skipped="0">
  <testcase classname="pdf_reader.pdf_reader_02" name="setUp" time="5.647"/>
  <system-out/>
</testsuite> <!-- pdf_reader.pdf_reader_02 -->
