<?xml version="1.0" encoding="UTF-8"?>
<!-- Generated by org.testng.reporters.JUnitReportReporter -->
<testsuite hostname="DESKTOP-JUVN070" failures="0" tests="2" name="day01_runtest_demo.Day01_Learning" time="0.071" errors="0" timestamp="2024-08-16T11:24:46 CDT" skipped="0">
  <testcase classname="day01_runtest_demo.Day01_Learning" name="runTestUsingTestNG" time="0.067"/>
  <testcase classname="day01_runtest_demo.Day01_Learning" name="runTestUsingTestNG1" time="0.004"/>
</testsuite> <!-- day01_runtest_demo.Day01_Learning -->
