<?xml version="1.0" encoding="UTF-8"?>
<!-- Generated by org.testng.reporters.JUnitReportReporter -->
<testsuite hostname="DESKTOP-JUVN070" failures="0" tests="1" name="testng.Verify_Title_04" time="3.210" errors="0" timestamp="2024-03-02T16:35:00 CST" skipped="0">
  <testcase classname="testng.Verify_Title_04" name="verifyTitle" time="3.210"/>
  <system-out/>
</testsuite> <!-- testng.Verify_Title_04 -->
